# JRE version: OpenJDK Runtime Environment (17.0.6) (build 17.0.6+0-b2043.56-9586694)
# Java VM: OpenJDK 64-Bit Server VM (17.0.6+0-b2043.56-9586694, mixed mode, tiered, compressed oops, compressed class ptrs, g1 gc, windows-amd64)
GC Precious Log:
 CPUs: 20 total, 20 available
 Memory: 16157M
 Large Page Support: Disabled
 NUMA Support: Disabled
 Compressed Oops: Enabled (32-bit)
 Heap Region Size: 1M
 Heap Min Capacity: 8M
 Heap Initial Capacity: 254M
 Heap Max Capacity: 512M
 Pre-touch: Disabled
 Parallel Workers: 15
 Concurrent Workers: 4
 Concurrent Refinement Workers: 15
 Periodic GC: Disabled
Heap:
 garbage-first heap   total 322560K, used 183753K [0x00000000e0000000, 0x0000000100000000)
  region size 1024K, 3 young (3072K), 1 survivors (1024K)
 Metaspace       used 102045K, committed 102784K, reserved 1138688K
  class space    used 13709K, committed 14080K, reserved 1048576K
GC Heap History (20 events):
Event: 6.958 GC heap before
{Heap before GC invocations=65 (full 0):
 garbage-first heap   total 317440K, used 281044K [0x00000000e0000000, 0x0000000100000000)
  region size 1024K, 164 young (167936K), 4 survivors (4096K)
 Metaspace       used 54334K, committed 54912K, reserved 1097728K
  class space    used 7160K, committed 7424K, reserved 1048576K
}
Event: 6.959 GC heap after
{Heap after GC invocations=66 (full 0):
 garbage-first heap   total 317440K, used 117322K [0x00000000e0000000, 0x0000000100000000)
  region size 1024K, 4 young (4096K), 4 survivors (4096K)
 Metaspace       used 54334K, committed 54912K, reserved 1097728K
  class space    used 7160K, committed 7424K, reserved 1048576K
}
Event: 7.288 GC heap before
{Heap before GC invocations=66 (full 0):
 garbage-first heap   total 317440K, used 283210K [0x00000000e0000000, 0x0000000100000000)
  region size 1024K, 164 young (167936K), 4 survivors (4096K)
 Metaspace       used 57262K, committed 57856K, reserved 1105920K
  class space    used 7663K, committed 7872K, reserved 1048576K
}
Event: 7.291 GC heap after
{Heap after GC invocations=67 (full 0):
 garbage-first heap   total 317440K, used 125225K [0x00000000e0000000, 0x0000000100000000)
  region size 1024K, 10 young (10240K), 10 survivors (10240K)
 Metaspace       used 57262K, committed 57856K, reserved 1105920K
  class space    used 7663K, committed 7872K, reserved 1048576K
}
Event: 8.537 GC heap before
{Heap before GC invocations=67 (full 0):
 garbage-first heap   total 317440K, used 280873K [0x00000000e0000000, 0x0000000100000000)
  region size 1024K, 155 young (158720K), 10 survivors (10240K)
 Metaspace       used 74047K, committed 74752K, reserved 1114112K
  class space    used 9786K, committed 10048K, reserved 1048576K
}
Event: 8.543 GC heap after
{Heap after GC invocations=68 (full 0):
 garbage-first heap   total 317440K, used 135187K [0x00000000e0000000, 0x0000000100000000)
  region size 1024K, 17 young (17408K), 17 survivors (17408K)
 Metaspace       used 74047K, committed 74752K, reserved 1114112K
  class space    used 9786K, committed 10048K, reserved 1048576K
}
Event: 9.509 GC heap before
{Heap before GC invocations=68 (full 0):
 garbage-first heap   total 317440K, used 251923K [0x00000000e0000000, 0x0000000100000000)
  region size 1024K, 111 young (113664K), 17 survivors (17408K)
 Metaspace       used 81725K, committed 82432K, reserved 1122304K
  class space    used 11056K, committed 11328K, reserved 1048576K
}
Event: 9.519 GC heap after
{Heap after GC invocations=69 (full 0):
 garbage-first heap   total 317440K, used 166584K [0x00000000e0000000, 0x0000000100000000)
  region size 1024K, 19 young (19456K), 19 survivors (19456K)
 Metaspace       used 81725K, committed 82432K, reserved 1122304K
  class space    used 11056K, committed 11328K, reserved 1048576K
}
Event: 69.943 GC heap before
{Heap before GC invocations=70 (full 0):
 garbage-first heap   total 317440K, used 267960K [0x00000000e0000000, 0x0000000100000000)
  region size 1024K, 115 young (117760K), 19 survivors (19456K)
 Metaspace       used 90442K, committed 91136K, reserved 1130496K
  class space    used 12176K, committed 12480K, reserved 1048576K
}
Event: 69.956 GC heap after
{Heap after GC invocations=71 (full 0):
 garbage-first heap   total 317440K, used 178720K [0x00000000e0000000, 0x0000000100000000)
  region size 1024K, 8 young (8192K), 8 survivors (8192K)
 Metaspace       used 90442K, committed 91136K, reserved 1130496K
  class space    used 12176K, committed 12480K, reserved 1048576K
}
Event: 69.997 GC heap before
{Heap before GC invocations=71 (full 0):
 garbage-first heap   total 317440K, used 185888K [0x00000000e0000000, 0x0000000100000000)
  region size 1024K, 15 young (15360K), 8 survivors (8192K)
 Metaspace       used 90914K, committed 91584K, reserved 1130496K
  class space    used 12251K, committed 12544K, reserved 1048576K
}
Event: 70.000 GC heap after
{Heap after GC invocations=72 (full 0):
 garbage-first heap   total 317440K, used 177088K [0x00000000e0000000, 0x0000000100000000)
  region size 1024K, 1 young (1024K), 1 survivors (1024K)
 Metaspace       used 90914K, committed 91584K, reserved 1130496K
  class space    used 12251K, committed 12544K, reserved 1048576K
}
Event: 70.172 GC heap before
{Heap before GC invocations=72 (full 0):
 garbage-first heap   total 317440K, used 190400K [0x00000000e0000000, 0x0000000100000000)
  region size 1024K, 16 young (16384K), 1 survivors (1024K)
 Metaspace       used 92664K, committed 93440K, reserved 1130496K
  class space    used 12464K, committed 12800K, reserved 1048576K
}
Event: 70.174 GC heap after
{Heap after GC invocations=73 (full 0):
 garbage-first heap   total 317440K, used 177795K [0x00000000e0000000, 0x0000000100000000)
  region size 1024K, 2 young (2048K), 2 survivors (2048K)
 Metaspace       used 92664K, committed 93440K, reserved 1130496K
  class space    used 12464K, committed 12800K, reserved 1048576K
}
Event: 70.950 GC heap before
{Heap before GC invocations=74 (full 0):
 garbage-first heap   total 317440K, used 266883K [0x00000000e0000000, 0x0000000100000000)
  region size 1024K, 87 young (89088K), 2 survivors (2048K)
 Metaspace       used 102014K, committed 102784K, reserved 1138688K
  class space    used 13708K, committed 14080K, reserved 1048576K
}
Event: 70.954 GC heap after
{Heap after GC invocations=75 (full 0):
 garbage-first heap   total 317440K, used 186197K [0x00000000e0000000, 0x0000000100000000)
  region size 1024K, 8 young (8192K), 8 survivors (8192K)
 Metaspace       used 102014K, committed 102784K, reserved 1138688K
  class space    used 13708K, committed 14080K, reserved 1048576K
}
Event: 70.973 GC heap before
{Heap before GC invocations=75 (full 0):
 garbage-first heap   total 317440K, used 193365K [0x00000000e0000000, 0x0000000100000000)
  region size 1024K, 15 young (15360K), 8 survivors (8192K)
 Metaspace       used 102021K, committed 102784K, reserved 1138688K
  class space    used 13708K, committed 14080K, reserved 1048576K
}
Event: 70.976 GC heap after
{Heap after GC invocations=76 (full 0):
 garbage-first heap   total 317440K, used 184653K [0x00000000e0000000, 0x0000000100000000)
  region size 1024K, 1 young (1024K), 1 survivors (1024K)
 Metaspace       used 102021K, committed 102784K, reserved 1138688K
  class space    used 13708K, committed 14080K, reserved 1048576K
}
Event: 71.142 GC heap before
{Heap before GC invocations=76 (full 0):
 garbage-first heap   total 317440K, used 264525K [0x00000000e0000000, 0x0000000100000000)
  region size 1024K, 79 young (80896K), 1 survivors (1024K)
 Metaspace       used 102024K, committed 102784K, reserved 1138688K
  class space    used 13708K, committed 14080K, reserved 1048576K
}
Event: 71.143 GC heap after
{Heap after GC invocations=77 (full 0):
 garbage-first heap   total 317440K, used 184431K [0x00000000e0000000, 0x0000000100000000)
  region size 1024K, 1 young (1024K), 1 survivors (1024K)
 Metaspace       used 102024K, committed 102784K, reserved 1138688K
  class space    used 13708K, committed 14080K, reserved 1048576K
}

