# JRE version: OpenJDK Runtime Environment (17.0.6) (build 17.0.6+0-b2043.56-9586694)
# Java VM: OpenJDK 64-Bit Server VM (17.0.6+0-b2043.56-9586694, mixed mode, tiered, compressed oops, compressed class ptrs, g1 gc, windows-amd64)
GC Precious Log:
 CPUs: 20 total, 20 available
 Memory: 16157M
 Large Page Support: Disabled
 NUMA Support: Disabled
 Compressed Oops: Enabled (32-bit)
 Heap Region Size: 1M
 Heap Min Capacity: 8M
 Heap Initial Capacity: 254M
 Heap Max Capacity: 512M
 Pre-touch: Disabled
 Parallel Workers: 15
 Concurrent Workers: 4
 Concurrent Refinement Workers: 15
 Periodic GC: Disabled
Heap:
 garbage-first heap   total 524288K, used 309864K [0x00000000e0000000, 0x0000000100000000)
  region size 1024K, 32 young (32768K), 4 survivors (4096K)
 Metaspace       used 217737K, committed 219008K, reserved 1245184K
  class space    used 28314K, committed 28928K, reserved 1048576K
GC Heap History (20 events):
Event: 39.803 GC heap before
{Heap before GC invocations=158 (full 0):
 garbage-first heap   total 524288K, used 337656K [0x00000000e0000000, 0x0000000100000000)
  region size 1024K, 25 young (25600K), 16 survivors (16384K)
 Metaspace       used 157318K, committed 158464K, reserved 1187840K
  class space    used 20675K, committed 21248K, reserved 1048576K
}
Event: 39.810 GC heap after
{Heap after GC invocations=159 (full 0):
 garbage-first heap   total 524288K, used 283056K [0x00000000e0000000, 0x0000000100000000)
  region size 1024K, 2 young (2048K), 2 survivors (2048K)
 Metaspace       used 157318K, committed 158464K, reserved 1187840K
  class space    used 20675K, committed 21248K, reserved 1048576K
}
Event: 39.897 GC heap before
{Heap before GC invocations=159 (full 0):
 garbage-first heap   total 524288K, used 328112K [0x00000000e0000000, 0x0000000100000000)
  region size 1024K, 25 young (25600K), 2 survivors (2048K)
 Metaspace       used 157427K, committed 158592K, reserved 1187840K
  class space    used 20682K, committed 21248K, reserved 1048576K
}
Event: 39.902 GC heap after
{Heap after GC invocations=160 (full 0):
 garbage-first heap   total 524288K, used 288497K [0x00000000e0000000, 0x0000000100000000)
  region size 1024K, 3 young (3072K), 3 survivors (3072K)
 Metaspace       used 157427K, committed 158592K, reserved 1187840K
  class space    used 20682K, committed 21248K, reserved 1048576K
}
Event: 40.265 GC heap before
{Heap before GC invocations=160 (full 0):
 garbage-first heap   total 524288K, used 440049K [0x00000000e0000000, 0x0000000100000000)
  region size 1024K, 143 young (146432K), 3 survivors (3072K)
 Metaspace       used 157828K, committed 158912K, reserved 1187840K
  class space    used 20711K, committed 21248K, reserved 1048576K
}
Event: 40.281 GC heap after
{Heap after GC invocations=161 (full 0):
 garbage-first heap   total 524288K, used 332764K [0x00000000e0000000, 0x0000000100000000)
  region size 1024K, 18 young (18432K), 18 survivors (18432K)
 Metaspace       used 157828K, committed 158912K, reserved 1187840K
  class space    used 20711K, committed 21248K, reserved 1048576K
}
Event: 40.335 GC heap before
{Heap before GC invocations=161 (full 0):
 garbage-first heap   total 524288K, used 336860K [0x00000000e0000000, 0x0000000100000000)
  region size 1024K, 24 young (24576K), 18 survivors (18432K)
 Metaspace       used 157830K, committed 158912K, reserved 1187840K
  class space    used 20711K, committed 21248K, reserved 1048576K
}
Event: 40.343 GC heap after
{Heap after GC invocations=162 (full 0):
 garbage-first heap   total 524288K, used 337443K [0x00000000e0000000, 0x0000000100000000)
  region size 1024K, 3 young (3072K), 3 survivors (3072K)
 Metaspace       used 157830K, committed 158912K, reserved 1187840K
  class space    used 20711K, committed 21248K, reserved 1048576K
}
Event: 40.585 GC heap before
{Heap before GC invocations=163 (full 0):
 garbage-first heap   total 524288K, used 441891K [0x00000000e0000000, 0x0000000100000000)
  region size 1024K, 100 young (102400K), 3 survivors (3072K)
 Metaspace       used 157911K, committed 158976K, reserved 1187840K
  class space    used 20716K, committed 21248K, reserved 1048576K
}
Event: 40.588 GC heap after
{Heap after GC invocations=164 (full 0):
 garbage-first heap   total 524288K, used 347301K [0x00000000e0000000, 0x0000000100000000)
  region size 1024K, 7 young (7168K), 7 survivors (7168K)
 Metaspace       used 157911K, committed 158976K, reserved 1187840K
  class space    used 20716K, committed 21248K, reserved 1048576K
}
Event: 40.970 GC heap before
{Heap before GC invocations=164 (full 0):
 garbage-first heap   total 524288K, used 364709K [0x00000000e0000000, 0x0000000100000000)
  region size 1024K, 25 young (25600K), 7 survivors (7168K)
 Metaspace       used 158865K, committed 159936K, reserved 1187840K
  class space    used 20845K, committed 21376K, reserved 1048576K
}
Event: 40.975 GC heap after
{Heap after GC invocations=165 (full 0):
 garbage-first heap   total 524288K, used 308351K [0x00000000e0000000, 0x0000000100000000)
  region size 1024K, 2 young (2048K), 2 survivors (2048K)
 Metaspace       used 158865K, committed 159936K, reserved 1187840K
  class space    used 20845K, committed 21376K, reserved 1048576K
}
Event: 44.780 GC heap before
{Heap before GC invocations=165 (full 0):
 garbage-first heap   total 524288K, used 444543K [0x00000000e0000000, 0x0000000100000000)
  region size 1024K, 116 young (118784K), 2 survivors (2048K)
 Metaspace       used 186476K, committed 187648K, reserved 1212416K
  class space    used 24397K, committed 24960K, reserved 1048576K
}
Event: 44.786 GC heap after
{Heap after GC invocations=166 (full 0):
 garbage-first heap   total 524288K, used 320326K [0x00000000e0000000, 0x0000000100000000)
  region size 1024K, 12 young (12288K), 12 survivors (12288K)
 Metaspace       used 186476K, committed 187648K, reserved 1212416K
  class space    used 24397K, committed 24960K, reserved 1048576K
}
Event: 45.497 GC heap before
{Heap before GC invocations=166 (full 0):
 garbage-first heap   total 524288K, used 366406K [0x00000000e0000000, 0x0000000100000000)
  region size 1024K, 58 young (59392K), 12 survivors (12288K)
 Metaspace       used 197591K, committed 198848K, reserved 1228800K
  class space    used 25690K, committed 26304K, reserved 1048576K
}
Event: 45.501 GC heap after
{Heap after GC invocations=167 (full 0):
 garbage-first heap   total 524288K, used 322835K [0x00000000e0000000, 0x0000000100000000)
  region size 1024K, 5 young (5120K), 5 survivors (5120K)
 Metaspace       used 197591K, committed 198848K, reserved 1228800K
  class space    used 25690K, committed 26304K, reserved 1048576K
}
Event: 46.735 GC heap before
{Heap before GC invocations=168 (full 0):
 garbage-first heap   total 524288K, used 395539K [0x00000000e0000000, 0x0000000100000000)
  region size 1024K, 114 young (116736K), 5 survivors (5120K)
 Metaspace       used 213118K, committed 214400K, reserved 1236992K
  class space    used 27757K, committed 28352K, reserved 1048576K
}
Event: 46.742 GC heap after
{Heap after GC invocations=169 (full 0):
 garbage-first heap   total 524288K, used 295495K [0x00000000e0000000, 0x0000000100000000)
  region size 1024K, 15 young (15360K), 15 survivors (15360K)
 Metaspace       used 213118K, committed 214400K, reserved 1236992K
  class space    used 27757K, committed 28352K, reserved 1048576K
}
Event: 47.221 GC heap before
{Heap before GC invocations=169 (full 0):
 garbage-first heap   total 524288K, used 305735K [0x00000000e0000000, 0x0000000100000000)
  region size 1024K, 25 young (25600K), 15 survivors (15360K)
 Metaspace       used 216952K, committed 218240K, reserved 1245184K
  class space    used 28215K, committed 28864K, reserved 1048576K
}
Event: 47.229 GC heap after
{Heap after GC invocations=170 (full 0):
 garbage-first heap   total 524288K, used 277096K [0x00000000e0000000, 0x0000000100000000)
  region size 1024K, 4 young (4096K), 4 survivors (4096K)
 Metaspace       used 216952K, committed 218240K, reserved 1245184K
  class space    used 28215K, committed 28864K, reserved 1048576K
}

