# JRE version: OpenJDK Runtime Environment (17.0.6) (build 17.0.6+0-b2043.56-9586694)
# Java VM: OpenJDK 64-Bit Server VM (17.0.6+0-b2043.56-9586694, mixed mode, tiered, compressed oops, compressed class ptrs, g1 gc, windows-amd64)
GC Precious Log:
 CPUs: 20 total, 20 available
 Memory: 16157M
 Large Page Support: Disabled
 NUMA Support: Disabled
 Compressed Oops: Enabled (32-bit)
 Heap Region Size: 1M
 Heap Min Capacity: 8M
 Heap Initial Capacity: 254M
 Heap Max Capacity: 2G
 Pre-touch: Disabled
 Parallel Workers: 15
 Concurrent Workers: 4
 Concurrent Refinement Workers: 15
 Periodic GC: Disabled
Heap:
 garbage-first heap   total 302080K, used 191357K [0x0000000080000000, 0x0000000100000000)
  region size 1024K, 9 young (9216K), 9 survivors (9216K)
 Metaspace       used 101099K, committed 102080K, reserved 1138688K
  class space    used 13486K, committed 13952K, reserved 1048576K
GC Heap History (20 events):
Event: 3.603 GC heap after
{Heap after GC invocations=36 (full 0):
 garbage-first heap   total 248832K, used 121220K [0x0000000080000000, 0x0000000100000000)
  region size 1024K, 5 young (5120K), 5 survivors (5120K)
 Metaspace       used 68802K, committed 69504K, reserved 1114112K
  class space    used 9097K, committed 9408K, reserved 1048576K
}
Event: 3.671 GC heap before
{Heap before GC invocations=36 (full 0):
 garbage-first heap   total 248832K, used 128388K [0x0000000080000000, 0x0000000100000000)
  region size 1024K, 12 young (12288K), 5 survivors (5120K)
 Metaspace       used 69665K, committed 70336K, reserved 1114112K
  class space    used 9220K, committed 9536K, reserved 1048576K
}
Event: 3.673 GC heap after
{Heap after GC invocations=37 (full 0):
 garbage-first heap   total 248832K, used 121544K [0x0000000080000000, 0x0000000100000000)
  region size 1024K, 1 young (1024K), 1 survivors (1024K)
 Metaspace       used 69665K, committed 70336K, reserved 1114112K
  class space    used 9220K, committed 9536K, reserved 1048576K
}
Event: 4.218 GC heap before
{Heap before GC invocations=37 (full 0):
 garbage-first heap   total 248832K, used 228040K [0x0000000080000000, 0x0000000100000000)
  region size 1024K, 77 young (78848K), 1 survivors (1024K)
 Metaspace       used 77921K, committed 78656K, reserved 1122304K
  class space    used 10627K, committed 10944K, reserved 1048576K
}
Event: 4.223 GC heap after
{Heap after GC invocations=38 (full 0):
 garbage-first heap   total 248832K, used 159841K [0x0000000080000000, 0x0000000100000000)
  region size 1024K, 10 young (10240K), 10 survivors (10240K)
 Metaspace       used 77921K, committed 78656K, reserved 1122304K
  class space    used 10627K, committed 10944K, reserved 1048576K
}
Event: 4.442 GC heap before
{Heap before GC invocations=39 (full 0):
 garbage-first heap   total 273408K, used 204897K [0x0000000080000000, 0x0000000100000000)
  region size 1024K, 54 young (55296K), 10 survivors (10240K)
 Metaspace       used 82625K, committed 83328K, reserved 1122304K
  class space    used 11145K, committed 11456K, reserved 1048576K
}
Event: 4.446 GC heap after
{Heap after GC invocations=40 (full 0):
 garbage-first heap   total 273408K, used 162334K [0x0000000080000000, 0x0000000100000000)
  region size 1024K, 3 young (3072K), 3 survivors (3072K)
 Metaspace       used 82625K, committed 83328K, reserved 1122304K
  class space    used 11145K, committed 11456K, reserved 1048576K
}
Event: 4.509 GC heap before
{Heap before GC invocations=40 (full 0):
 garbage-first heap   total 273408K, used 172574K [0x0000000080000000, 0x0000000100000000)
  region size 1024K, 13 young (13312K), 3 survivors (3072K)
 Metaspace       used 84207K, committed 84864K, reserved 1122304K
  class space    used 11427K, committed 11712K, reserved 1048576K
}
Event: 4.511 GC heap after
{Heap after GC invocations=41 (full 0):
 garbage-first heap   total 273408K, used 161895K [0x0000000080000000, 0x0000000100000000)
  region size 1024K, 1 young (1024K), 1 survivors (1024K)
 Metaspace       used 84207K, committed 84864K, reserved 1122304K
  class space    used 11427K, committed 11712K, reserved 1048576K
}
Event: 5.000 GC heap before
{Heap before GC invocations=41 (full 0):
 garbage-first heap   total 273408K, used 225383K [0x0000000080000000, 0x0000000100000000)
  region size 1024K, 63 young (64512K), 1 survivors (1024K)
 Metaspace       used 92836K, committed 93632K, reserved 1130496K
  class space    used 12526K, committed 12864K, reserved 1048576K
}
Event: 5.003 GC heap after
{Heap after GC invocations=42 (full 0):
 garbage-first heap   total 273408K, used 166326K [0x0000000080000000, 0x0000000100000000)
  region size 1024K, 5 young (5120K), 5 survivors (5120K)
 Metaspace       used 92836K, committed 93632K, reserved 1130496K
  class space    used 12526K, committed 12864K, reserved 1048576K
}
Event: 5.169 GC heap before
{Heap before GC invocations=42 (full 0):
 garbage-first heap   total 273408K, used 226742K [0x0000000080000000, 0x0000000100000000)
  region size 1024K, 65 young (66560K), 5 survivors (5120K)
 Metaspace       used 93907K, committed 94656K, reserved 1138688K
  class space    used 12602K, committed 12928K, reserved 1048576K
}
Event: 5.173 GC heap after
{Heap after GC invocations=43 (full 0):
 garbage-first heap   total 273408K, used 171131K [0x0000000080000000, 0x0000000100000000)
  region size 1024K, 9 young (9216K), 9 survivors (9216K)
 Metaspace       used 93907K, committed 94656K, reserved 1138688K
  class space    used 12602K, committed 12928K, reserved 1048576K
}
Event: 5.403 GC heap before
{Heap before GC invocations=43 (full 0):
 garbage-first heap   total 273408K, used 228475K [0x0000000080000000, 0x0000000100000000)
  region size 1024K, 66 young (67584K), 9 survivors (9216K)
 Metaspace       used 96228K, committed 97024K, reserved 1138688K
  class space    used 12857K, committed 13248K, reserved 1048576K
}
Event: 5.412 GC heap after
{Heap after GC invocations=44 (full 0):
 garbage-first heap   total 273408K, used 174851K [0x0000000080000000, 0x0000000100000000)
  region size 1024K, 9 young (9216K), 9 survivors (9216K)
 Metaspace       used 96228K, committed 97024K, reserved 1138688K
  class space    used 12857K, committed 13248K, reserved 1048576K
}
Event: 27.241 GC heap before
{Heap before GC invocations=45 (full 0):
 garbage-first heap   total 302080K, used 227075K [0x0000000080000000, 0x0000000100000000)
  region size 1024K, 61 young (62464K), 9 survivors (9216K)
 Metaspace       used 98921K, committed 99776K, reserved 1138688K
  class space    used 13222K, committed 13632K, reserved 1048576K
}
Event: 27.246 GC heap after
{Heap after GC invocations=46 (full 0):
 garbage-first heap   total 302080K, used 179525K [0x0000000080000000, 0x0000000100000000)
  region size 1024K, 8 young (8192K), 8 survivors (8192K)
 Metaspace       used 98921K, committed 99776K, reserved 1138688K
  class space    used 13222K, committed 13632K, reserved 1048576K
}
Event: 27.291 GC heap before
{Heap before GC invocations=46 (full 0):
 garbage-first heap   total 302080K, used 185669K [0x0000000080000000, 0x0000000100000000)
  region size 1024K, 14 young (14336K), 8 survivors (8192K)
 Metaspace       used 99150K, committed 100096K, reserved 1138688K
  class space    used 13244K, committed 13696K, reserved 1048576K
}
Event: 27.295 GC heap after
{Heap after GC invocations=47 (full 0):
 garbage-first heap   total 302080K, used 181482K [0x0000000080000000, 0x0000000100000000)
  region size 1024K, 2 young (2048K), 2 survivors (2048K)
 Metaspace       used 99150K, committed 100096K, reserved 1138688K
  class space    used 13244K, committed 13696K, reserved 1048576K
}
Event: 27.566 GC heap before
{Heap before GC invocations=47 (full 0):
 garbage-first heap   total 302080K, used 253162K [0x0000000080000000, 0x0000000100000000)
  region size 1024K, 72 young (73728K), 2 survivors (2048K)
 Metaspace       used 101099K, committed 102080K, reserved 1138688K
  class space    used 13486K, committed 13952K, reserved 1048576K
}

